<?xml version="1.0" encoding="UTF-8"?>
<!-- Generated by org.testng.reporters.JUnitReportReporter -->
<testsuite hostname="DESKTOP-BFFJCC7" failures="0" tests="1" name="QDMS_TestCases.HomePage_Master" time="2.071" errors="0" timestamp="13 Dec 2022 11:34:32 GMT" skipped="0">
  <testcase classname="QDMS_TestCases.HomePage_Master" name="Login_Functionality" time="2.071"/>
</testsuite> <!-- QDMS_TestCases.HomePage_Master -->
